[2024-10-02 22:26:22] Server is running on port 3000 <message>, undefined
[2024-10-02 22:26:29] User disconnected <message>, undefined
[2024-10-02 22:26:31] User disconnected <message>, undefined
[2024-10-02 22:26:44] test <message>, U2FsdGVkX18angAz55lXYBqDJqqWxjXfwcjERy0b8YQ=
[2024-10-02 22:27:16] User disconnected <message>, undefined
[2024-10-02 22:27:17] User disconnected <message>, undefined
[2024-10-02 22:27:24] test <message>, U2FsdGVkX195LgVwJPDe3mDg1/qAb4PGkDl/sh5WLSo=
[2024-10-02 22:27:36] User disconnected <message>, undefined
[2024-10-02 22:29:53] User disconnected <message>, undefined
[2024-10-02 22:29:54] User disconnected <message>, undefined
[2024-10-02 22:30:50] Server is running on port 3000: undefined
[2024-10-02 22:31:02] User connected to room test: undefined
[2024-10-02 22:31:06] User connected to room test: undefined
[2024-10-02 22:31:07] User connected to room test: undefined
[2024-10-02 22:31:11] test: U2FsdGVkX18ZrKE64p74K5toOn9thH0jKOylA3ndi/s=: undefined
[2024-10-02 22:31:16] test: U2FsdGVkX1/N62bVrpkGNsImPpEQdiObGJsLwtarSUk=: undefined
[2024-10-02 22:31:20] test: U2FsdGVkX198G2TFfeAU7t/iXPxQubtkCu1nLqA8wY8=: undefined
[2024-10-02 22:31:26] test: U2FsdGVkX1/oiO8aP6cFUnURAU0W35kwgQCvajrJBWA=: undefined
[2024-10-02 22:31:33] test: U2FsdGVkX199let+RjdQ+wu4BvLMmBtIzI3NiIzfwvs=: undefined
[2024-10-02 22:31:38] User disconnected: undefined
[2024-10-02 22:31:39] User connected to room test: undefined
[2024-10-02 22:31:40] User disconnected: undefined
[2024-10-02 22:31:40] User connected to room test: undefined
[2024-10-02 22:31:51] User disconnected: undefined
